<?xml version="1.0" encoding="UTF-8"?>
<!-- Generated by org.testng.reporters.JUnitReportReporter -->
<testsuite hostname="KS-SINAWO-1" failures="0" tests="3" name="runners.TestRunner" time="23.373" errors="0" timestamp="2024-07-22T00:44:05 SAST" skipped="0">
  <testcase classname="runners.TestRunner" name="runScenario" time="19.559"/>
  <testcase classname="runners.TestRunner" name="runScenario" time="1.472"/>
  <testcase classname="runners.TestRunner" name="runScenario" time="2.342"/>
</testsuite> <!-- runners.TestRunner -->
